2022-07-27 17:31:57,830 collection_case.py--> setUpClass 20: INFO ----->------执行添加采集源case------
2022-07-27 17:31:59,767 actionMethod.py--> delete_data 20: INFO ----->执行删除操作，尝试重新添加
2022-07-27 17:32:42,099 energy_type_case.py--> setUpClass 20: INFO ----->------执行添加用能类型case------
2022-07-27 17:32:43,298 actionMethod.py--> delete_data 20: INFO ----->执行删除操作，尝试重新添加
2022-07-27 17:32:45,886 actionMethod.py--> get_xpath_text 20: INFO ----->未找到其他风,文本已被删除或不存在
2022-07-27 17:32:51,682 actionMethod.py--> click_cancel 30: WARNING ----->操作成功！
2022-07-27 17:33:01,792 production_case.py--> setUpClass 20: INFO ----->------执行添加生产层级case------
2022-07-27 17:33:05,043 actionMethod.py--> get_xpath_text 20: INFO ----->未找到90,文本已被删除或不存在
2022-07-27 17:33:10,380 actionMethod.py--> click_cancel 30: WARNING ----->操作成功！
2022-07-27 17:33:20,269 actionMethod.py--> click_cancel 30: WARNING ----->操作成功！
2022-07-27 17:33:30,082 energy_report_case.py--> setUpClass 20: INFO ----->------执行添加能效报告case------
2022-07-27 17:33:31,212 actionMethod.py--> delete_data 20: INFO ----->执行删除操作，尝试重新添加
2022-07-27 17:33:33,750 actionMethod.py--> get_xpath_text 20: INFO ----->未找到脚本测试新建报告,文本已被删除或不存在
2022-07-27 17:33:52,954 measuring_instruments_case.py--> setUpClass 20: INFO ----->------执行添加计量器具case------
2022-07-27 17:34:09,456 actionMethod.py--> get_xpath_text 20: INFO ----->未找到脚本测试新建计量器具,文本已被删除或不存在
2022-07-27 17:35:15,159 actionMethod.py--> click_cancel 30: WARNING ----->操作失败
2022-07-27 17:35:34,303 yield_product_case.py--> setUpClass 20: INFO ----->------执行添加生产产品case------
2022-07-27 17:35:35,482 actionMethod.py--> delete_data 20: INFO ----->执行删除操作，尝试重新添加
2022-07-27 17:35:38,155 actionMethod.py--> get_xpath_text 20: INFO ----->未找到脚本测试新建产品,文本已被删除或不存在
2022-07-27 17:35:41,777 actionMethod.py--> click_cancel 30: WARNING ----->操作成功！
2022-07-27 17:35:55,721 collect_data_case.py--> setUpClass 20: INFO ----->------执行添加采集数据项case------
2022-07-27 17:36:06,958 actionMethod.py--> get_xpath_text 20: INFO ----->未找到脚本测试新建采集数据项,文本已被删除或不存在
2022-07-27 17:36:50,044 delete_case.py--> setUpClass 20: INFO ----->------删除所有脚本新增数据------
2022-07-27 17:37:09,170 actionMethod.py--> get_xpath_text 40: ERROR ----->找到脚本测试新建采集数据项,文本未被删除
2022-07-27 17:37:25,700 actionMethod.py--> get_xpath_text 20: INFO ----->未找到R-1001,文本已被删除或不存在
2022-07-27 17:37:30,052 actionMethod.py--> delete_data 20: INFO ----->执行删除操作，尝试重新添加
2022-07-27 17:37:30,568 actionMethod.py--> get_xpath_text 40: ERROR ----->找到脚本测试新建产品,文本未被删除
2022-07-27 17:37:41,480 actionMethod.py--> delete_data 20: INFO ----->执行删除操作，尝试重新添加
2022-07-27 17:37:42,042 actionMethod.py--> get_xpath_text 40: ERROR ----->找到其他风,文本未被删除
2022-07-27 17:37:45,513 actionMethod.py--> delete_data 20: INFO ----->执行删除操作，尝试重新添加
2022-07-27 17:37:48,049 actionMethod.py--> get_xpath_text 20: INFO ----->未找到脚本测试新建报告,文本已被删除或不存在
2022-07-27 17:37:52,532 actionMethod.py--> delete_data 20: INFO ----->执行删除操作，尝试重新添加
2022-07-27 17:38:04,650 actionMethod.py--> delete_data 20: INFO ----->执行删除操作，尝试重新添加
2022-07-27 17:38:07,225 actionMethod.py--> get_xpath_text 20: INFO ----->未找到脚本测试新建采集源,文本已被删除或不存在
2022-07-27 17:43:34,478 collection_case.py--> setUpClass 20: INFO ----->------执行添加采集源case------
2022-07-27 17:43:38,147 actionMethod.py--> get_xpath_text 20: INFO ----->未找到脚本测试新建采集源,文本已被删除或不存在
2022-07-27 17:43:49,869 actionMethod.py--> click_cancel 30: WARNING ----->参数：脚本测试新增表参数添加失败,已经存在相同名称的参数
2022-07-27 17:43:51,771 actionMethod.py--> delete_data 20: INFO ----->执行删除操作，尝试重新添加
2022-07-27 17:44:35,245 energy_type_case.py--> setUpClass 20: INFO ----->------执行添加用能类型case------
2022-07-27 17:44:38,862 actionMethod.py--> get_xpath_text 20: INFO ----->未找到其他风,文本已被删除或不存在
2022-07-27 17:45:08,226 production_case.py--> setUpClass 20: INFO ----->------执行添加生产层级case------
2022-07-27 17:45:13,257 actionMethod.py--> get_xpath_text 20: INFO ----->未找到90,文本已被删除或不存在
2022-07-27 17:45:17,408 actionMethod.py--> click_cancel 30: WARNING ----->
2022-07-27 17:45:40,337 production_case.py--> setUpClass 20: INFO ----->------执行添加生产层级case------
2022-07-27 17:46:05,870 production_case.py--> setUpClass 20: INFO ----->------执行添加生产层级case------
2022-07-27 17:46:11,433 actionMethod.py--> get_xpath_text 20: INFO ----->未找到90,文本已被删除或不存在
2022-07-27 17:46:36,242 production_case.py--> setUpClass 20: INFO ----->------执行添加生产层级case------
2022-07-27 17:47:06,672 production_case.py--> setUpClass 20: INFO ----->------执行添加生产层级case------
2022-07-27 17:47:11,270 actionMethod.py--> delete_data 20: INFO ----->执行删除操作，尝试重新添加
2022-07-27 17:47:32,871 production_case.py--> setUpClass 20: INFO ----->------执行添加生产层级case------
2022-07-27 17:47:38,422 actionMethod.py--> get_xpath_text 20: INFO ----->未找到90,文本已被删除或不存在
2022-07-27 17:47:59,427 production_case.py--> setUpClass 20: INFO ----->------执行添加生产层级case------
2022-07-27 17:49:52,407 production_case.py--> setUpClass 20: INFO ----->------执行添加生产层级case------
2022-07-27 17:49:58,010 actionMethod.py--> get_xpath_text 20: INFO ----->未找到90,文本已被删除或不存在
2022-07-27 17:50:33,963 production_case.py--> setUpClass 20: INFO ----->------执行添加生产层级case------
2022-07-27 17:50:39,110 actionMethod.py--> get_xpath_text 20: INFO ----->未找到90,文本已被删除或不存在
2022-07-27 17:50:43,276 actionMethod.py--> click_cancel 30: WARNING ----->
2022-07-27 17:50:48,152 actionMethod.py--> click_cancel 30: WARNING ----->工序单元编码重复。
2022-07-27 17:53:08,471 production_case.py--> setUpClass 20: INFO ----->------执行添加生产层级case------
2022-07-27 17:53:19,109 actionMethod.py--> get_xpath_text 20: INFO ----->未找到90,文本已被删除或不存在
2022-07-27 17:53:28,145 actionMethod.py--> click_cancel 30: WARNING ----->
2022-07-27 17:55:26,602 production_case.py--> setUpClass 20: INFO ----->------执行添加生产层级case------
2022-07-27 17:56:18,344 production_case.py--> setUpClass 20: INFO ----->------执行添加生产层级case------
2022-07-27 17:57:19,433 production_case.py--> setUpClass 20: INFO ----->------执行添加生产层级case------
2022-07-27 17:57:25,034 actionMethod.py--> get_xpath_text 20: INFO ----->未找到90,文本已被删除或不存在
2022-07-27 17:57:29,759 actionMethod.py--> click_cancel 30: WARNING ----->操作成功！
2022-07-27 17:57:39,594 actionMethod.py--> click_cancel 30: WARNING ----->操作成功！
2022-07-27 18:01:17,446 production_case.py--> setUpClass 20: INFO ----->------执行添加生产层级case------
2022-07-27 18:01:26,372 actionMethod.py--> get_xpath_text 20: INFO ----->未找到90,文本已被删除或不存在
2022-07-27 18:01:50,044 production_case.py--> setUpClass 20: INFO ----->------执行添加生产层级case------
2022-07-27 18:03:15,621 production_case.py--> setUpClass 20: INFO ----->------执行添加生产层级case------
2022-07-27 18:03:34,762 production_case.py--> setUpClass 20: INFO ----->------执行添加生产层级case------
2022-07-27 18:05:02,407 production_case.py--> setUpClass 20: INFO ----->------执行添加生产层级case------
2022-07-27 18:05:08,917 actionMethod.py--> get_xpath_text 20: INFO ----->未找到90,文本已被删除或不存在
2022-07-27 18:05:23,391 actionMethod.py--> click_cancel 30: WARNING ----->操作成功！
2022-07-27 18:05:25,936 actionMethod.py--> click_cancel 30: WARNING ----->操作失败
2022-07-27 18:05:45,500 production_case.py--> setUpClass 20: INFO ----->------执行添加生产层级case------
2022-07-27 18:05:55,489 actionMethod.py--> get_xpath_text 20: INFO ----->未找到90,文本已被删除或不存在
2022-07-27 18:06:04,553 actionMethod.py--> click_cancel 30: WARNING ----->
2022-07-27 18:06:07,113 actionMethod.py--> click_cancel 30: WARNING ----->操作失败
2022-07-27 18:06:34,791 yield_product_case.py--> setUpClass 20: INFO ----->------执行添加生产产品case------
2022-07-27 18:06:38,118 actionMethod.py--> get_xpath_text 20: INFO ----->未找到脚本测试新建产品,文本已被删除或不存在
2022-07-27 18:06:41,651 actionMethod.py--> click_cancel 30: WARNING ----->操作成功！
2022-07-27 18:06:44,232 actionMethod.py--> click_cancel 30: WARNING ----->操作失败
2022-07-27 18:06:55,872 yield_product_case.py--> setUpClass 20: INFO ----->------执行添加生产产品case------
2022-07-27 18:06:57,111 actionMethod.py--> delete_data 20: INFO ----->执行删除操作，尝试重新添加
2022-07-27 18:06:59,642 actionMethod.py--> get_xpath_text 20: INFO ----->未找到脚本测试新建产品,文本已被删除或不存在
2022-07-27 18:07:59,447 collection_case.py--> setUpClass 20: INFO ----->------执行添加采集源case------
2022-07-27 18:08:01,448 actionMethod.py--> delete_data 20: INFO ----->执行删除操作，尝试重新添加
2022-07-27 18:08:16,737 actionMethod.py--> delete_data 20: INFO ----->执行删除操作，尝试重新添加
2022-07-27 18:08:19,298 actionMethod.py--> get_xpath_text 20: INFO ----->未找到脚本测试新建采集源,文本已被删除或不存在
2022-07-27 18:08:30,990 actionMethod.py--> click_cancel 30: WARNING ----->
2022-07-27 18:08:32,829 actionMethod.py--> delete_data 20: INFO ----->执行删除操作，尝试重新添加
2022-07-27 18:08:50,007 energy_type_case.py--> setUpClass 20: INFO ----->------执行添加用能类型case------
2022-07-27 18:08:51,212 actionMethod.py--> delete_data 20: INFO ----->执行删除操作，尝试重新添加
2022-07-27 18:08:51,868 actionMethod.py--> get_xpath_text 40: ERROR ----->找到其他风,文本未被删除
2022-07-27 18:09:02,362 production_case.py--> setUpClass 20: INFO ----->------执行添加生产层级case------
2022-07-27 18:09:20,742 energy_report_case.py--> setUpClass 20: INFO ----->------执行添加能效报告case------
2022-07-27 18:09:23,843 actionMethod.py--> get_xpath_text 20: INFO ----->未找到脚本测试新建报告,文本已被删除或不存在
2022-07-27 18:09:27,214 actionMethod.py--> click_cancel 30: WARNING ----->操作成功！
2022-07-27 18:09:29,762 actionMethod.py--> click_cancel 30: WARNING ----->操作失败
2022-07-27 18:09:44,758 measuring_instruments_case.py--> setUpClass 20: INFO ----->------执行添加计量器具case------
2022-07-27 18:10:00,652 actionMethod.py--> get_xpath_text 20: INFO ----->未找到脚本测试新建计量器具,文本已被删除或不存在
2022-07-27 18:10:18,662 yield_product_case.py--> setUpClass 20: INFO ----->------执行添加生产产品case------
2022-07-27 18:10:19,858 actionMethod.py--> delete_data 20: INFO ----->执行删除操作，尝试重新添加
2022-07-27 18:10:22,488 actionMethod.py--> get_xpath_text 20: INFO ----->未找到脚本测试新建产品,文本已被删除或不存在
2022-07-27 18:10:34,691 collect_data_case.py--> setUpClass 20: INFO ----->------执行添加采集数据项case------
2022-07-27 18:10:45,882 actionMethod.py--> get_xpath_text 20: INFO ----->未找到脚本测试新建采集数据项,文本已被删除或不存在
2022-07-27 18:11:38,385 actionMethod.py--> click_cancel 30: WARNING ----->操作失败
2022-07-27 18:11:44,156 delete_case.py--> setUpClass 20: INFO ----->------删除所有脚本新增数据------
2022-07-27 18:12:02,175 delect_handle.py--> delete_collect_data 40: ERROR ----->未提示操作成功,error
2022-07-27 18:12:11,059 actionMethod.py--> get_xpath_text 20: INFO ----->未找到R-1001,文本已被删除或不存在
2022-07-27 18:12:17,420 actionMethod.py--> delete_data 20: INFO ----->执行删除操作，尝试重新添加
2022-07-27 18:12:19,949 actionMethod.py--> get_xpath_text 20: INFO ----->未找到脚本测试新建产品,文本已被删除或不存在
2022-07-27 18:12:28,925 actionMethod.py--> get_xpath_text 20: INFO ----->未找到90,文本已被删除或不存在
2022-07-27 18:12:32,491 actionMethod.py--> delete_data 20: INFO ----->执行删除操作，尝试重新添加
2022-07-27 18:12:33,011 actionMethod.py--> get_xpath_text 40: ERROR ----->找到其他风,文本未被删除
2022-07-27 18:12:36,722 actionMethod.py--> delete_data 20: INFO ----->执行删除操作，尝试重新添加
2022-07-27 18:12:39,242 actionMethod.py--> get_xpath_text 20: INFO ----->未找到脚本测试新建报告,文本已被删除或不存在
2022-07-27 18:12:43,724 actionMethod.py--> delete_data 20: INFO ----->执行删除操作，尝试重新添加
2022-07-27 18:12:55,789 actionMethod.py--> delete_data 20: INFO ----->执行删除操作，尝试重新添加
2022-07-27 18:12:58,340 actionMethod.py--> get_xpath_text 20: INFO ----->未找到脚本测试新建采集源,文本已被删除或不存在
2022-07-27 18:16:20,960 production_case.py--> setUpClass 20: INFO ----->------执行添加生产层级case------
2022-07-27 18:16:24,195 actionMethod.py--> get_xpath_text 20: INFO ----->未找到90,文本已被删除或不存在
2022-07-27 18:16:44,793 production_case.py--> setUpClass 20: INFO ----->------执行添加生产层级case------
2022-07-27 18:16:54,837 actionMethod.py--> get_xpath_text 20: INFO ----->未找到90,文本已被删除或不存在
2022-07-27 18:17:03,945 actionMethod.py--> click_cancel 30: WARNING ----->操作成功！
2022-07-27 18:17:06,490 actionMethod.py--> click_cancel 30: WARNING ----->操作失败
2022-07-27 18:18:07,028 collection_case.py--> setUpClass 20: INFO ----->------执行添加采集源case------
2022-07-27 18:18:13,441 actionMethod.py--> get_xpath_text 20: INFO ----->未找到脚本测试新建采集源,文本已被删除或不存在
2022-07-27 18:18:24,816 actionMethod.py--> click_cancel 30: WARNING ----->参数：脚本测试新增表参数添加失败,已经存在相同名称的参数
2022-07-27 18:18:26,716 actionMethod.py--> delete_data 20: INFO ----->执行删除操作，尝试重新添加
2022-07-27 18:18:44,166 energy_type_case.py--> setUpClass 20: INFO ----->------执行添加用能类型case------
2022-07-27 18:18:47,758 actionMethod.py--> get_xpath_text 20: INFO ----->未找到其他风,文本已被删除或不存在
2022-07-27 18:18:58,485 production_case.py--> setUpClass 20: INFO ----->------执行添加生产层级case------
2022-07-27 18:19:15,356 energy_report_case.py--> setUpClass 20: INFO ----->------执行添加能效报告case------
2022-07-27 18:19:18,450 actionMethod.py--> get_xpath_text 20: INFO ----->未找到脚本测试新建报告,文本已被删除或不存在
2022-07-27 18:19:36,894 measuring_instruments_case.py--> setUpClass 20: INFO ----->------执行添加计量器具case------
2022-07-27 18:19:53,308 actionMethod.py--> get_xpath_text 20: INFO ----->未找到脚本测试新建计量器具,文本已被删除或不存在
2022-07-27 18:20:46,448 yield_product_case.py--> setUpClass 20: INFO ----->------执行添加生产产品case------
2022-07-27 18:20:49,789 actionMethod.py--> get_xpath_text 20: INFO ----->未找到脚本测试新建产品,文本已被删除或不存在
2022-07-27 18:21:02,384 collect_data_case.py--> setUpClass 20: INFO ----->------执行添加采集数据项case------
2022-07-27 18:21:13,359 actionMethod.py--> get_xpath_text 20: INFO ----->未找到脚本测试新建采集数据项,文本已被删除或不存在
2022-07-27 18:22:05,717 actionMethod.py--> click_cancel 30: WARNING ----->操作失败
2022-07-27 18:22:13,899 delete_case.py--> setUpClass 20: INFO ----->------删除所有脚本新增数据------
2022-07-27 18:22:31,538 delect_handle.py--> delete_collect_data 40: ERROR ----->未提示操作成功,error
2022-07-27 18:22:48,106 actionMethod.py--> get_xpath_text 20: INFO ----->未找到R-1001,文本已被删除或不存在
2022-07-27 18:22:52,239 actionMethod.py--> delete_data 20: INFO ----->执行删除操作，尝试重新添加
2022-07-27 18:22:52,829 actionMethod.py--> get_xpath_text 40: ERROR ----->找到脚本测试新建产品,文本未被删除
2022-07-27 18:23:02,401 actionMethod.py--> get_xpath_text 20: INFO ----->未找到90,文本已被删除或不存在
2022-07-27 18:23:05,907 actionMethod.py--> delete_data 20: INFO ----->执行删除操作，尝试重新添加
2022-07-27 18:23:06,477 actionMethod.py--> get_xpath_text 40: ERROR ----->找到其他风,文本未被删除
2022-07-27 18:23:13,390 actionMethod.py--> delete_data 20: INFO ----->执行删除操作，尝试重新添加
2022-07-27 18:23:15,920 actionMethod.py--> get_xpath_text 20: INFO ----->未找到脚本测试新建报告,文本已被删除或不存在
2022-07-27 18:23:20,203 actionMethod.py--> delete_data 20: INFO ----->执行删除操作，尝试重新添加
2022-07-27 18:23:32,283 actionMethod.py--> delete_data 20: INFO ----->执行删除操作，尝试重新添加
2022-07-27 18:23:34,826 actionMethod.py--> get_xpath_text 20: INFO ----->未找到脚本测试新建采集源,文本已被删除或不存在
2022-07-27 18:25:50,729 production_case.py--> setUpClass 20: INFO ----->------执行添加生产层级case------
2022-07-27 18:25:53,978 actionMethod.py--> get_xpath_text 20: INFO ----->未找到90,文本已被删除或不存在
2022-07-27 18:25:58,680 actionMethod.py--> click_cancel 30: WARNING ----->操作成功！
2022-07-27 18:26:01,239 actionMethod.py--> click_cancel 30: WARNING ----->操作失败
2022-07-27 18:26:05,674 actionMethod.py--> click_cancel 30: WARNING ----->操作成功！
2022-07-27 18:26:08,205 actionMethod.py--> click_cancel 30: WARNING ----->操作失败
2022-07-27 18:26:20,022 production_case.py--> setUpClass 20: INFO ----->------执行添加生产层级case------
2022-07-27 18:26:29,994 actionMethod.py--> get_xpath_text 20: INFO ----->未找到90,文本已被删除或不存在
2022-07-27 18:26:55,592 production_case.py--> setUpClass 20: INFO ----->------执行添加生产层级case------
2022-07-27 18:27:02,214 actionMethod.py--> get_xpath_text 20: INFO ----->未找到90,文本已被删除或不存在
2022-07-27 18:27:06,728 actionMethod.py--> click_cancel 30: WARNING ----->操作成功！
2022-07-27 18:27:09,265 actionMethod.py--> click_cancel 30: WARNING ----->操作失败
2022-07-27 18:27:14,687 actionMethod.py--> click_cancel 30: WARNING ----->操作成功！
2022-07-27 18:27:17,223 actionMethod.py--> click_cancel 30: WARNING ----->操作失败
2022-07-27 18:27:29,596 production_case.py--> setUpClass 20: INFO ----->------执行添加生产层级case------
2022-07-27 18:28:08,098 production_case.py--> setUpClass 20: INFO ----->------执行添加生产层级case------
2022-07-27 18:28:13,142 actionMethod.py--> get_xpath_text 20: INFO ----->未找到90,文本已被删除或不存在
2022-07-27 18:28:17,569 actionMethod.py--> click_cancel 30: WARNING ----->
2022-07-27 18:28:38,503 production_case.py--> setUpClass 20: INFO ----->------执行添加生产层级case------
2022-07-27 18:28:48,488 actionMethod.py--> get_xpath_text 20: INFO ----->未找到90,文本已被删除或不存在
2022-07-27 18:28:52,901 actionMethod.py--> click_cancel 30: WARNING ----->操作成功！
2022-07-27 18:28:55,467 actionMethod.py--> click_cancel 30: WARNING ----->操作失败
