2022-08-01 15:50:32,597 actionMethod.py--> get_xpath_text 20: INFO ----->未找到脚本测试新建采集源,文本已被删除或不存在
2022-08-01 15:50:44,936 actionMethod.py--> click_cancel 30: WARNING ----->参数：脚本测试新增表参数添加失败,已经存在相同名称的参数
2022-08-01 15:50:46,850 actionMethod.py--> delete_data 20: INFO ----->执行删除操作，尝试重新添加
2022-08-01 15:51:04,793 energy_type_case.py--> setUpClass 20: INFO ----->------执行添加用能类型case------
2022-08-01 15:51:08,415 actionMethod.py--> get_xpath_text 20: INFO ----->未找到其他风,文本已被删除或不存在
2022-08-01 15:51:14,607 actionMethod.py--> click_cancel 20: INFO ----->操作成功！
2022-08-01 15:51:19,814 production_case.py--> setUpClass 20: INFO ----->------执行添加生产层级case------
2022-08-01 15:51:23,022 actionMethod.py--> get_xpath_text 20: INFO ----->未找到90,文本已被删除或不存在
2022-08-01 15:51:27,468 actionMethod.py--> click_cancel 30: WARNING ----->操作成功！
2022-08-01 15:51:30,044 actionMethod.py--> click_cancel 30: WARNING ----->操作失败
2022-08-01 15:51:34,891 actionMethod.py--> click_cancel 20: INFO ----->操作成功！
2022-08-01 15:51:40,377 energy_report_case.py--> setUpClass 20: INFO ----->------执行添加能效报告case------
2022-08-01 15:51:43,510 actionMethod.py--> get_xpath_text 20: INFO ----->未找到脚本测试新建报告,文本已被删除或不存在
2022-08-01 15:51:46,851 actionMethod.py--> click_cancel 20: INFO ----->操作成功！
2022-08-01 15:51:59,244 measuring_instruments_case.py--> setUpClass 20: INFO ----->------执行添加计量器具case------
2022-08-01 15:52:07,193 actionMethod.py--> get_xpath_text 20: INFO ----->未找到脚本测试新建计量器具,文本已被删除或不存在
2022-08-01 15:52:54,608 actionMethod.py--> click_cancel 20: INFO ----->操作成功！
2022-08-01 15:53:00,079 yield_product_case.py--> setUpClass 20: INFO ----->------执行添加生产产品case------
2022-08-01 15:53:01,264 actionMethod.py--> delete_data 20: INFO ----->执行删除操作，尝试重新添加
2022-08-01 15:53:03,781 actionMethod.py--> get_xpath_text 20: INFO ----->未找到脚本测试新建产品,文本已被删除或不存在
2022-08-01 15:53:07,171 actionMethod.py--> click_cancel 20: INFO ----->操作成功！
2022-08-01 15:53:16,625 collect_data_case.py--> setUpClass 20: INFO ----->------执行添加采集数据项case------
2022-08-01 15:53:28,220 actionMethod.py--> get_xpath_text 20: INFO ----->未找到脚本测试新建采集数据项,文本已被删除或不存在
2022-08-01 15:54:08,216 actionMethod.py--> click_cancel 20: INFO ----->操作成功！
2022-08-01 15:54:12,178 delete_case.py--> setUpClass 20: INFO ----->------删除所有脚本新增数据------
2022-08-01 15:54:38,704 actionMethod.py--> get_xpath_text 20: INFO ----->未找到脚本测试新建采集数据项,文本已被删除或不存在
2022-08-01 15:54:54,537 actionMethod.py--> get_xpath_text 20: INFO ----->未找到R-1001,文本已被删除或不存在
2022-08-01 15:54:58,697 actionMethod.py--> delete_data 20: INFO ----->执行删除操作，尝试重新添加
2022-08-01 15:55:01,325 actionMethod.py--> get_xpath_text 20: INFO ----->未找到脚本测试新建产品,文本已被删除或不存在
2022-08-01 15:55:15,935 actionMethod.py--> get_xpath_text 20: INFO ----->未找到90,文本已被删除或不存在
2022-08-01 15:55:19,541 actionMethod.py--> delete_data 20: INFO ----->执行删除操作，尝试重新添加
2022-08-01 15:55:20,063 actionMethod.py--> get_xpath_text 20: INFO ----->找到其他风,文本未被删除或已添加
2022-08-01 15:55:24,019 actionMethod.py--> delete_data 20: INFO ----->执行删除操作，尝试重新添加
2022-08-01 15:55:26,539 actionMethod.py--> get_xpath_text 20: INFO ----->未找到脚本测试新建报告,文本已被删除或不存在
2022-08-01 15:55:30,896 actionMethod.py--> delete_data 20: INFO ----->执行删除操作，尝试重新添加
2022-08-01 15:55:43,086 actionMethod.py--> delete_data 20: INFO ----->执行删除操作，尝试重新添加
2022-08-01 15:55:45,636 actionMethod.py--> get_xpath_text 20: INFO ----->未找到脚本测试新建采集源,文本已被删除或不存在
