2022-07-28 16:03:59,550 actionMethod.py--> get_xpath_text 20: INFO ----->未找到脚本测试新建采集源,文本已被删除或不存在
2022-07-28 16:04:12,275 actionMethod.py--> click_cancel 30: WARNING ----->表参数配置成功！
2022-07-28 16:04:14,819 actionMethod.py--> click_cancel 30: WARNING ----->操作失败
2022-07-28 16:04:16,243 actionMethod.py--> delete_data 20: INFO ----->执行删除操作，尝试重新添加
2022-07-28 16:04:34,266 energy_type_case.py--> setUpClass 20: INFO ----->------执行添加用能类型case------
2022-07-28 16:04:37,830 actionMethod.py--> get_xpath_text 20: INFO ----->未找到其他风,文本已被删除或不存在
2022-07-28 16:04:44,154 actionMethod.py--> click_cancel 20: INFO ----->操作成功！
2022-07-28 16:04:49,504 production_case.py--> setUpClass 20: INFO ----->------执行添加生产层级case------
2022-07-28 16:04:52,714 actionMethod.py--> get_xpath_text 20: INFO ----->未找到90,文本已被删除或不存在
2022-07-28 16:04:57,471 actionMethod.py--> click_cancel 20: INFO ----->操作成功！
2022-07-28 16:05:02,224 actionMethod.py--> click_cancel 30: WARNING ----->操作成功！
2022-07-28 16:05:04,768 actionMethod.py--> click_cancel 30: WARNING ----->操作失败
2022-07-28 16:05:10,136 energy_report_case.py--> setUpClass 20: INFO ----->------执行添加能效报告case------
2022-07-28 16:05:15,214 actionMethod.py--> get_xpath_text 20: INFO ----->未找到脚本测试新建报告,文本已被删除或不存在
2022-07-28 16:05:27,537 actionMethod.py--> click_cancel 30: WARNING ----->名称重复
2022-07-28 16:05:40,585 measuring_instruments_case.py--> setUpClass 20: INFO ----->------执行添加计量器具case------
2022-07-28 16:05:48,584 actionMethod.py--> get_xpath_text 20: INFO ----->未找到脚本测试新建计量器具,文本已被删除或不存在
2022-07-28 16:06:36,223 actionMethod.py--> click_cancel 20: INFO ----->操作成功！
2022-07-28 16:06:41,842 yield_product_case.py--> setUpClass 20: INFO ----->------执行添加生产产品case------
2022-07-28 16:06:45,161 actionMethod.py--> get_xpath_text 20: INFO ----->未找到脚本测试新建产品,文本已被删除或不存在
2022-07-28 16:06:48,609 actionMethod.py--> click_cancel 30: WARNING ----->操作成功！
2022-07-28 16:06:51,137 actionMethod.py--> click_cancel 30: WARNING ----->操作失败
2022-07-28 16:07:01,359 collect_data_case.py--> setUpClass 20: INFO ----->------执行添加采集数据项case------
2022-07-28 16:07:13,082 actionMethod.py--> get_xpath_text 20: INFO ----->未找到脚本测试新建采集数据项,文本已被删除或不存在
2022-07-28 16:07:54,409 actionMethod.py--> click_cancel 20: INFO ----->操作成功！
2022-07-28 16:07:58,397 delete_case.py--> setUpClass 20: INFO ----->------删除所有脚本新增数据------
2022-07-28 16:08:25,293 actionMethod.py--> get_xpath_text 20: INFO ----->未找到脚本测试新建采集数据项,文本已被删除或不存在
2022-07-28 16:08:41,006 actionMethod.py--> get_xpath_text 20: INFO ----->未找到R-1001,文本已被删除或不存在
2022-07-28 16:08:45,878 actionMethod.py--> delete_data 20: INFO ----->执行删除操作，尝试重新添加
2022-07-28 16:08:48,397 actionMethod.py--> get_xpath_text 20: INFO ----->未找到脚本测试新建产品,文本已被删除或不存在
2022-07-28 16:09:00,512 actionMethod.py--> get_xpath_text 20: INFO ----->未找到90,文本已被删除或不存在
2022-07-28 16:09:04,238 actionMethod.py--> delete_data 20: INFO ----->执行删除操作，尝试重新添加
2022-07-28 16:09:04,754 actionMethod.py--> get_xpath_text 20: INFO ----->找到其他风,文本未被删除或已添加
2022-07-28 16:09:12,191 actionMethod.py--> get_xpath_text 20: INFO ----->未找到脚本测试新建报告,文本已被删除或不存在
2022-07-28 16:09:16,689 actionMethod.py--> delete_data 20: INFO ----->执行删除操作，尝试重新添加
2022-07-28 16:09:28,837 actionMethod.py--> delete_data 20: INFO ----->执行删除操作，尝试重新添加
2022-07-28 16:09:31,372 actionMethod.py--> get_xpath_text 20: INFO ----->未找到脚本测试新建采集源,文本已被删除或不存在
