2022-08-02 16:56:49,033 collection_handle.py--> add_collection 20: INFO ----->找到文本:脚本测试新建采集源,采集源添加成功
2022-08-02 16:56:55,025 actionMethod.py--> click_cancel 30: WARNING ----->参数：脚本测试新增表参数添加失败,已经存在相同名称的参数
2022-08-02 16:56:56,977 actionMethod.py--> delete_data 20: INFO ----->执行删除操作，尝试重新添加
2022-08-02 16:57:09,860 collection_handle.py--> add_meter 20: INFO ----->找到文本:R-1001,表计添加成功
2022-08-02 16:57:15,196 energy_type_case.py--> setUpClass 20: INFO ----->------执行添加用能类型case------
2022-08-02 16:57:23,404 energy_type_handle.py--> add_energy 20: INFO ----->找到文本:其他风,能源类型添加成功
2022-08-02 16:57:29,107 production_case.py--> setUpClass 20: INFO ----->------执行添加生产层级case------
2022-08-02 16:57:39,056 production_handle.py--> add_level 20: INFO ----->未找到文本:脚本测试新建工序,生产层级添加失败
2022-08-02 16:57:43,810 production_handle.py--> add_Unit 20: INFO ----->找到文本:脚本测试新建工序单元,生产工序单元添加成功
2022-08-02 16:57:48,985 energy_report_case.py--> setUpClass 20: INFO ----->------执行添加能效报告case------
2022-08-02 16:57:57,850 energy_report_handle.py--> add_report 20: INFO ----->未找到文本:脚本测试新建报告,能效报告添加失败
2022-08-02 16:58:10,846 measuring_instruments_case.py--> setUpClass 20: INFO ----->------执行添加计量器具case------
2022-08-02 16:59:08,493 measuring_instruments_handle.py--> add_instruments 20: INFO ----->找到文本:脚本测试新建计量器具,计量器具添加成功
2022-08-02 16:59:13,923 yield_product_case.py--> setUpClass 20: INFO ----->------执行添加生产产品case------
2022-08-02 16:59:20,869 yield_product_handle.py--> add_yield 20: INFO ----->找到文本:脚本测试新建产品,生产产品添加成功
2022-08-02 16:59:30,258 collect_data_case.py--> setUpClass 20: INFO ----->------执行添加采集数据项case------
2022-08-02 17:00:23,912 actionMethod.py--> click_cancel 20: INFO ----->操作成功！
2022-08-02 17:00:24,435 collect_data_handle.py--> add_collect_data 20: INFO ----->找到文本:脚本测试新建采集数据项,采集项添加成功
2022-08-02 17:00:28,511 delete_case.py--> setUpClass 20: INFO ----->------删除所有脚本新增数据------
2022-08-02 17:00:56,117 delect_handle.py--> delete_collect_data 20: INFO ----->未找到文本:脚本测试新建采集数据项,采集项添加失败
2022-08-02 17:01:17,630 actionMethod.py--> delete_data 20: INFO ----->执行删除操作，尝试重新添加
2022-08-02 17:01:36,664 actionMethod.py--> delete_data 20: INFO ----->执行删除操作，尝试重新添加
2022-08-02 17:01:41,011 actionMethod.py--> delete_data 20: INFO ----->执行删除操作，尝试重新添加
2022-08-02 17:01:47,925 actionMethod.py--> delete_data 20: INFO ----->执行删除操作，尝试重新添加
2022-08-02 17:02:00,006 actionMethod.py--> delete_data 20: INFO ----->执行删除操作，尝试重新添加
